d:\uit_k18\nam1\hk2\oop\bt04\bt04\bt04\x64\debug\vc143.pdb
d:\uit_k18\nam1\hk2\oop\bt04\bt04\bt04\x64\debug\vc143.idb
d:\uit_k18\nam1\hk2\oop\bt04\bt04\bt04\x64\debug\source.obj
d:\uit_k18\nam1\hk2\oop\bt04\bt04\bt04\x64\debug\cdiem.obj
d:\uit_k18\nam1\hk2\oop\bt04\bt04\bt04\x64\debug\cphanso.obj
d:\uit_k18\nam1\hk2\oop\bt04\bt04\bt04\x64\debug\cdiemkhonggian.obj
d:\uit_k18\nam1\hk2\oop\bt04\bt04\bt04\x64\debug\chonso.obj
d:\uit_k18\nam1\hk2\oop\bt04\bt04\bt04\x64\debug\csophuc.obj
d:\uit_k18\nam1\hk2\oop\bt04\bt04\bt04\x64\debug\cngay.obj
d:\uit_k18\nam1\hk2\oop\bt04\bt04\bt04\x64\debug\cthoigian.obj
d:\uit_k18\nam1\hk2\oop\bt04\bt04\bt04\x64\debug\cdonthuc.obj
d:\uit_k18\nam1\hk2\oop\bt04\bt04\bt04\x64\debug\cduongthang.obj
d:\uit_k18\nam1\hk2\oop\bt04\bt04\bt04\x64\debug\cduongtron.obj
d:\uit_k18\nam1\hk2\oop\bt04\bt04\bt04\x64\debug\ctamgiac.obj
d:\uit_k18\nam1\hk2\oop\bt04\bt04\bt04\x64\debug\chinhcau.obj
d:\uit_k18\nam1\hk2\oop\bt04\bt04\x64\debug\bt04.exe
d:\uit_k18\nam1\hk2\oop\bt04\bt04\bt04\x64\debug\bt04.ilk
d:\uit_k18\nam1\hk2\oop\bt04\bt04\x64\debug\bt04.pdb
d:\uit_k18\nam1\hk2\oop\bt04\bt04\bt04\x64\debug\bt04.tlog\cl.command.1.tlog
d:\uit_k18\nam1\hk2\oop\bt04\bt04\bt04\x64\debug\bt04.tlog\cl.items.tlog
d:\uit_k18\nam1\hk2\oop\bt04\bt04\bt04\x64\debug\bt04.tlog\cl.read.1.tlog
d:\uit_k18\nam1\hk2\oop\bt04\bt04\bt04\x64\debug\bt04.tlog\cl.write.1.tlog
d:\uit_k18\nam1\hk2\oop\bt04\bt04\bt04\x64\debug\bt04.tlog\link.command.1.tlog
d:\uit_k18\nam1\hk2\oop\bt04\bt04\bt04\x64\debug\bt04.tlog\link.read.1.tlog
d:\uit_k18\nam1\hk2\oop\bt04\bt04\bt04\x64\debug\bt04.tlog\link.write.1.tlog
